Using pre-set license
Built from '2021.3/staging' branch; Version is '2021.3.8f1 (b30333d56e81) revision 11731763'; Using compiler version '192829333'; Build Type 'Release'
OS: 'Windows 10  (10.0.19044) 64bit Professional' Language: 'zh' Physical Memory: 16322 MB
BatchMode: 1, IsHumanControllingUs: 0, StartBugReporterOnCrash: 0, Is64bit: 1, IsPro: 1

COMMAND LINE ARGUMENTS:
E:\2021.3.8f1\Editor\Unity.exe
-adb2
-batchMode
-noUpm
-name
AssetImportWorker0
-projectPath
E:/unity projects/3DPoseEstimation
-logFile
Logs/AssetImportWorker0.log
-srvPort
60001
Successfully changed project path to: E:/unity projects/3DPoseEstimation
E:/unity projects/3DPoseEstimation
[UnityMemory] Configuration Parameters - Can be set up in boot.config
    "memorysetup-bucket-allocator-granularity=16"
    "memorysetup-bucket-allocator-bucket-count=8"
    "memorysetup-bucket-allocator-block-size=33554432"
    "memorysetup-bucket-allocator-block-count=8"
    "memorysetup-main-allocator-block-size=16777216"
    "memorysetup-thread-allocator-block-size=16777216"
    "memorysetup-gfx-main-allocator-block-size=16777216"
    "memorysetup-gfx-thread-allocator-block-size=16777216"
    "memorysetup-cache-allocator-block-size=4194304"
    "memorysetup-typetree-allocator-block-size=2097152"
    "memorysetup-profiler-bucket-allocator-granularity=16"
    "memorysetup-profiler-bucket-allocator-bucket-count=8"
    "memorysetup-profiler-bucket-allocator-block-size=33554432"
    "memorysetup-profiler-bucket-allocator-block-count=8"
    "memorysetup-profiler-allocator-block-size=16777216"
    "memorysetup-profiler-editor-allocator-block-size=1048576"
    "memorysetup-temp-allocator-size-main=16777216"
    "memorysetup-job-temp-allocator-block-size=2097152"
    "memorysetup-job-temp-allocator-block-size-background=1048576"
    "memorysetup-job-temp-allocator-reduction-small-platforms=262144"
    "memorysetup-temp-allocator-size-background-worker=32768"
    "memorysetup-temp-allocator-size-job-worker=262144"
    "memorysetup-temp-allocator-size-preload-manager=33554432"
    "memorysetup-temp-allocator-size-nav-mesh-worker=65536"
    "memorysetup-temp-allocator-size-audio-worker=65536"
    "memorysetup-temp-allocator-size-cloud-worker=32768"
    "memorysetup-temp-allocator-size-gi-baking-worker=262144"
    "memorysetup-temp-allocator-size-gfx=262144"
Refreshing native plugins compatible for Editor in 76.14 ms, found 3 plugins.
Preloading 0 native plugins for Editor in 0.00 ms.
Initialize engine version: 2021.3.8f1 (b30333d56e81)
[Subsystems] Discovering subsystems at path E:/2021.3.8f1/Editor/Data/Resources/UnitySubsystems
[Subsystems] Discovering subsystems at path E:/unity projects/3DPoseEstimation/Assets
GfxDevice: creating device client; threaded=0; jobified=0
Direct3D:
    Version:  Direct3D 11.0 [level 11.1]
    Renderer: NVIDIA GeForce RTX 3070 (ID=0x2484)
    Vendor:   NVIDIA
    VRAM:     8043 MB
    Driver:   30.0.15.1215
Initialize mono
Mono path[0] = 'E:/2021.3.8f1/Editor/Data/Managed'
Mono path[1] = 'E:/2021.3.8f1/Editor/Data/MonoBleedingEdge/lib/mono/unityjit-win32'
Mono config path = 'E:/2021.3.8f1/Editor/Data/MonoBleedingEdge/etc'
Using monoOptions --debugger-agent=transport=dt_socket,embedding=1,server=y,suspend=n,address=127.0.0.1:56656
Begin MonoManager ReloadAssembly
Registering precompiled unity dll's ...
Register platform support module: E:/2021.3.8f1/Editor/Data/PlaybackEngines/WebGLSupport/UnityEditor.WebGL.Extensions.dll
Register platform support module: E:/2021.3.8f1/Editor/Data/PlaybackEngines/WindowsStandaloneSupport/UnityEditor.WindowsStandalone.Extensions.dll
Registered in 0.002267 seconds.
Native extension for WindowsStandalone target not found
Native extension for WebGL target not found
Refreshing native plugins compatible for Editor in 70.83 ms, found 3 plugins.
Preloading 0 native plugins for Editor in 0.00 ms.
Mono: successfully reloaded assembly
- Completed reload, in  0.537 seconds
Domain Reload Profiling:
	ReloadAssembly (537ms)
		BeginReloadAssembly (72ms)
			ExecutionOrderSort (0ms)
			DisableScriptedObjects (0ms)
			BackupInstance (0ms)
			ReleaseScriptingObjects (0ms)
			CreateAndSetChildDomain (1ms)
		EndReloadAssembly (378ms)
			LoadAssemblies (72ms)
			RebuildTransferFunctionScriptingTraits (0ms)
			SetupTypeCache (89ms)
			ReleaseScriptCaches (0ms)
			RebuildScriptCaches (23ms)
			SetupLoadedEditorAssemblies (227ms)
				LogAssemblyErrors (0ms)
				InitializePlatformSupportModulesInManaged (6ms)
				SetLoadedEditorAssemblies (0ms)
				RefreshPlugins (71ms)
				BeforeProcessingInitializeOnLoad (1ms)
				ProcessInitializeOnLoadAttributes (103ms)
				ProcessInitializeOnLoadMethodAttributes (46ms)
				AfterProcessingInitializeOnLoad (0ms)
				EditorAssembliesLoaded (0ms)
			ExecutionOrderSort2 (0ms)
			AwakeInstancesAfterBackupRestoration (0ms)
Platform modules already initialized, skipping
Registering precompiled user dll's ...
Registered in 0.004075 seconds.
Begin MonoManager ReloadAssembly
Symbol file LoadedFromMemory doesn't match image E:\unity projects\3DPoseEstimation\Library\PackageCache\com.unity.visualscripting@1.7.8\Editor\VisualScripting.Core\Dependencies\YamlDotNet\Unity.VisualScripting.YamlDotNet.dll
Symbol file LoadedFromMemory doesn't match image E:\unity projects\3DPoseEstimation\Library\PackageCache\com.unity.visualscripting@1.7.8\Editor\VisualScripting.Core\Dependencies\DotNetZip\Unity.VisualScripting.IonicZip.dll
Native extension for WindowsStandalone target not found
Native extension for WebGL target not found
Refreshing native plugins compatible for Editor in 0.51 ms, found 3 plugins.
Preloading 0 native plugins for Editor in 0.00 ms.
Mono: successfully reloaded assembly
- Completed reload, in  0.864 seconds
Domain Reload Profiling:
	ReloadAssembly (865ms)
		BeginReloadAssembly (101ms)
			ExecutionOrderSort (0ms)
			DisableScriptedObjects (5ms)
			BackupInstance (0ms)
			ReleaseScriptingObjects (0ms)
			CreateAndSetChildDomain (16ms)
		EndReloadAssembly (668ms)
			LoadAssemblies (82ms)
			RebuildTransferFunctionScriptingTraits (0ms)
			SetupTypeCache (223ms)
			ReleaseScriptCaches (1ms)
			RebuildScriptCaches (43ms)
			SetupLoadedEditorAssemblies (291ms)
				LogAssemblyErrors (0ms)
				InitializePlatformSupportModulesInManaged (4ms)
				SetLoadedEditorAssemblies (0ms)
				RefreshPlugins (1ms)
				BeforeProcessingInitializeOnLoad (68ms)
				ProcessInitializeOnLoadAttributes (192ms)
				ProcessInitializeOnLoadMethodAttributes (23ms)
				AfterProcessingInitializeOnLoad (3ms)
				EditorAssembliesLoaded (0ms)
			ExecutionOrderSort2 (0ms)
			AwakeInstancesAfterBackupRestoration (10ms)
Platform modules already initialized, skipping
========================================================================
Worker process is ready to serve import requests
Launched and connected shader compiler UnityShaderCompiler.exe after 0.06 seconds
Refreshing native plugins compatible for Editor in 0.52 ms, found 3 plugins.
Preloading 0 native plugins for Editor in 0.00 ms.
Unloading 3384 Unused Serialized files (Serialized files now loaded: 0)
Unloading 27 unused Assets / (111.5 KB). Loaded Objects now: 3845.
Memory consumption went from 117.8 MB to 117.7 MB.
Total: 2.559100 ms (FindLiveObjects: 0.247900 ms CreateObjectMapping: 0.177100 ms MarkObjects: 2.046400 ms  DeleteObjects: 0.087000 ms)

AssetImportParameters requested are different than current active one (requested -> active):
  custom:video-decoder-ogg-theora: a1e56fd34408186e4bbccfd4996cb3dc -> 
  custom:container-muxer-webm: aa71ff27fc2769a1b78a27578f13a17b -> 
  custom:container-demuxer-webm: 4f35f7cbe854078d1ac9338744f61a02 -> 
  custom:video-encoder-webm-vp8: eb34c28f22e8b96e1ab97ce403110664 -> 
  custom:audio-encoder-webm-vorbis: bf7c407c2cedff20999df2af8eb42d56 -> 
  custom:framework-win-MediaFoundation: 216162199b28c13a410421893ffa2e32 -> 
  custom:container-demuxer-ogg: 62fdf1f143b41e24485cea50d1cbac27 -> 
  custom:video-decoder-webm-vp8: 9c59270c3fd7afecdb556c50c9e8de78 -> 
  custom:audio-decoder-ogg-vorbis: bf7c407c2cedff20999df2af8eb42d56 -> 
========================================================================
Received Import Request.
  Time since last request: 127867.385332 seconds.
  path: Assets/Rhett Cosmo - EverydayStyle/Textures/Clothes/Shoes
  artifactKey: Guid(0c6b2603a780dc04e811203629085f25) Importer(815301076,1909f56bfc062723c751e8b465ee728b)
Start importing Assets/Rhett Cosmo - EverydayStyle/Textures/Clothes/Shoes using Guid(0c6b2603a780dc04e811203629085f25) Importer(815301076,1909f56bfc062723c751e8b465ee728b)  -> (artifact id: '350b5e3d24ab08fd641dfb044b1d06dd') in 0.004683 seconds 
========================================================================
Received Import Request.
  Time since last request: 0.001208 seconds.
  path: Assets/Rhett Cosmo - EverydayStyle/Materials/Skin
  artifactKey: Guid(74ec9c3ce7435f34394446d8d080d646) Importer(815301076,1909f56bfc062723c751e8b465ee728b)
Start importing Assets/Rhett Cosmo - EverydayStyle/Materials/Skin using Guid(74ec9c3ce7435f34394446d8d080d646) Importer(815301076,1909f56bfc062723c751e8b465ee728b)  -> (artifact id: '93d1213e6c76922d8fa345afe0f83930') in 0.000849 seconds 
========================================================================
Received Import Request.
  Time since last request: 0.024372 seconds.
  path: Assets/Rhett Cosmo - EverydayStyle/Shader/DoubleSided.shader
  artifactKey: Guid(dd23a32f70d3d1044926ef13634a7328) Importer(815301076,1909f56bfc062723c751e8b465ee728b)
Start importing Assets/Rhett Cosmo - EverydayStyle/Shader/DoubleSided.shader using Guid(dd23a32f70d3d1044926ef13634a7328) Importer(815301076,1909f56bfc062723c751e8b465ee728b)  -> (artifact id: '55bc791f2978a37dcf3b0f6703860877') in 0.024637 seconds 
========================================================================
Received Import Request.
  Time since last request: 0.679955 seconds.
  path: Assets/Rhett Cosmo - EverydayStyle/Materials/Clothes/Shirt
  artifactKey: Guid(8e42512bf2eceda49909cca9bbd8d1f5) Importer(815301076,1909f56bfc062723c751e8b465ee728b)
Start importing Assets/Rhett Cosmo - EverydayStyle/Materials/Clothes/Shirt using Guid(8e42512bf2eceda49909cca9bbd8d1f5) Importer(815301076,1909f56bfc062723c751e8b465ee728b)  -> (artifact id: 'd3c1a2ded0e5799f7d8b3f3a8b85a106') in 0.008857 seconds 
========================================================================
Received Import Request.
  Time since last request: 0.194412 seconds.
  path: Assets/Rhett Cosmo - EverydayStyle/Textures/Hair
  artifactKey: Guid(8ded33d11c7defb41a8c8badee36b0df) Importer(815301076,1909f56bfc062723c751e8b465ee728b)
Start importing Assets/Rhett Cosmo - EverydayStyle/Textures/Hair using Guid(8ded33d11c7defb41a8c8badee36b0df) Importer(815301076,1909f56bfc062723c751e8b465ee728b)  -> (artifact id: '5b9f2008d7d4db30c7c99e68fca1fce9') in 0.000893 seconds 
========================================================================
Received Import Request.
  Time since last request: 0.087896 seconds.
  path: Assets/Rhett Cosmo - EverydayStyle/Textures/Skin
  artifactKey: Guid(ccd4d366ba0bf504c84ec40a5cb36bee) Importer(815301076,1909f56bfc062723c751e8b465ee728b)
Start importing Assets/Rhett Cosmo - EverydayStyle/Textures/Skin using Guid(ccd4d366ba0bf504c84ec40a5cb36bee) Importer(815301076,1909f56bfc062723c751e8b465ee728b)  -> (artifact id: '4f47d763e3c35f8fd6f3a6b91a46a4a6') in 0.000764 seconds 
========================================================================
Received Import Request.
  Time since last request: 0.000013 seconds.
  path: Assets/Rhett Cosmo - EverydayStyle/Shader
  artifactKey: Guid(94ba5c5a0f9ce924cb3dcb47f7af07b6) Importer(815301076,1909f56bfc062723c751e8b465ee728b)
Start importing Assets/Rhett Cosmo - EverydayStyle/Shader using Guid(94ba5c5a0f9ce924cb3dcb47f7af07b6) Importer(815301076,1909f56bfc062723c751e8b465ee728b)  -> (artifact id: 'c954b3d07c599f33dacd08715a3724c7') in 0.000883 seconds 
========================================================================
Received Import Request.
  Time since last request: 0.000013 seconds.
  path: Assets/Rhett Cosmo - EverydayStyle/Materials/Hair/Hairstyle2
  artifactKey: Guid(bafee8e5bd4119040b283d2b9a5bfaad) Importer(815301076,1909f56bfc062723c751e8b465ee728b)
Start importing Assets/Rhett Cosmo - EverydayStyle/Materials/Hair/Hairstyle2 using Guid(bafee8e5bd4119040b283d2b9a5bfaad) Importer(815301076,1909f56bfc062723c751e8b465ee728b)  -> (artifact id: 'f8c8fe01c680822598f75e8ee6f702d4') in 0.000847 seconds 
========================================================================
Received Import Request.
  Time since last request: 0.000012 seconds.
  path: Assets/Rhett Cosmo - EverydayStyle/Materials/Clothes/Sweater
  artifactKey: Guid(987bdc59cc940334c8a995f3da2ba124) Importer(815301076,1909f56bfc062723c751e8b465ee728b)
Start importing Assets/Rhett Cosmo - EverydayStyle/Materials/Clothes/Sweater using Guid(987bdc59cc940334c8a995f3da2ba124) Importer(815301076,1909f56bfc062723c751e8b465ee728b)  -> (artifact id: 'd502c0877b7ae96d8b3fa3eebc7fb6bf') in 0.000800 seconds 
========================================================================
Received Import Request.
  Time since last request: 0.706047 seconds.
  path: Assets/Rhett Cosmo - EverydayStyle/Textures/Hair/Hairstyle1
  artifactKey: Guid(8bde44eb8ce937c4d82d1de628329f9c) Importer(815301076,1909f56bfc062723c751e8b465ee728b)
Start importing Assets/Rhett Cosmo - EverydayStyle/Textures/Hair/Hairstyle1 using Guid(8bde44eb8ce937c4d82d1de628329f9c) Importer(815301076,1909f56bfc062723c751e8b465ee728b)  -> (artifact id: 'ad49d256fbf40da4c3ba945f7392cc8a') in 0.000857 seconds 
========================================================================
Received Import Request.
  Time since last request: 2.484588 seconds.
  path: Assets/Rhett Cosmo - EverydayStyle/Materials/Hair
  artifactKey: Guid(bc2baeed8b3e86a43b3f65862d85043b) Importer(815301076,1909f56bfc062723c751e8b465ee728b)
Start importing Assets/Rhett Cosmo - EverydayStyle/Materials/Hair using Guid(bc2baeed8b3e86a43b3f65862d85043b) Importer(815301076,1909f56bfc062723c751e8b465ee728b)  -> (artifact id: 'd1c29345c9fc13f2ed13498633d76629') in 0.000764 seconds 
========================================================================
Received Import Request.
  Time since last request: 0.831051 seconds.
  path: Assets/Rhett Cosmo - EverydayStyle/Textures/Clothes/Sweater
  artifactKey: Guid(4833947cc79036f43a00fe75cc61fa6c) Importer(815301076,1909f56bfc062723c751e8b465ee728b)
Start importing Assets/Rhett Cosmo - EverydayStyle/Textures/Clothes/Sweater using Guid(4833947cc79036f43a00fe75cc61fa6c) Importer(815301076,1909f56bfc062723c751e8b465ee728b)  -> (artifact id: '8e8954eab933521a02a5deeae60bb662') in 0.000759 seconds 
========================================================================
Received Import Request.
  Time since last request: 2.107077 seconds.
  path: Assets/Rhett Cosmo - EverydayStyle/Materials/Hair/Hairstyle1
  artifactKey: Guid(ca50a0da9d5094c43b3913dbcc43e7a2) Importer(815301076,1909f56bfc062723c751e8b465ee728b)
Start importing Assets/Rhett Cosmo - EverydayStyle/Materials/Hair/Hairstyle1 using Guid(ca50a0da9d5094c43b3913dbcc43e7a2) Importer(815301076,1909f56bfc062723c751e8b465ee728b)  -> (artifact id: '8bcde46fc1b92a9da693e0f0fe55cb77') in 0.000785 seconds 
========================================================================
Received Import Request.
  Time since last request: 2.723306 seconds.
  path: Assets/Rhett Cosmo - EverydayStyle/Textures/Hair/Hairstyle2
  artifactKey: Guid(a9de37207f04196448d439b5dfd379a4) Importer(815301076,1909f56bfc062723c751e8b465ee728b)
Start importing Assets/Rhett Cosmo - EverydayStyle/Textures/Hair/Hairstyle2 using Guid(a9de37207f04196448d439b5dfd379a4) Importer(815301076,1909f56bfc062723c751e8b465ee728b)  -> (artifact id: 'df162fb7c2df7c0485059332524ad094') in 0.000759 seconds 
========================================================================
Received Import Request.
  Time since last request: 0.041144 seconds.
  path: Assets/Rhett Cosmo - EverydayStyle/Materials/Clothes/Jeans
  artifactKey: Guid(9f3b8efb1fc3a11429d1c2f534032114) Importer(815301076,1909f56bfc062723c751e8b465ee728b)
Start importing Assets/Rhett Cosmo - EverydayStyle/Materials/Clothes/Jeans using Guid(9f3b8efb1fc3a11429d1c2f534032114) Importer(815301076,1909f56bfc062723c751e8b465ee728b)  -> (artifact id: '7d9477d9ea6ac24ef0e478469ca2d314') in 0.000896 seconds 
========================================================================
Received Import Request.
  Time since last request: 0.252168 seconds.
  path: Assets/Rhett Cosmo - EverydayStyle/Textures/Clothes/Jeans
  artifactKey: Guid(cd24467fc9e25f34bb430a99c82fda3c) Importer(815301076,1909f56bfc062723c751e8b465ee728b)
Start importing Assets/Rhett Cosmo - EverydayStyle/Textures/Clothes/Jeans using Guid(cd24467fc9e25f34bb430a99c82fda3c) Importer(815301076,1909f56bfc062723c751e8b465ee728b)  -> (artifact id: 'd7a1694e05d3b92a773dcba0e5a31055') in 0.000765 seconds 
========================================================================
Received Import Request.
  Time since last request: 0.569473 seconds.
  path: Assets/Rhett Cosmo - EverydayStyle/Materials/Hat
  artifactKey: Guid(5c35739183ae6bc4eb9265ad8d6b4a33) Importer(815301076,1909f56bfc062723c751e8b465ee728b)
Start importing Assets/Rhett Cosmo - EverydayStyle/Materials/Hat using Guid(5c35739183ae6bc4eb9265ad8d6b4a33) Importer(815301076,1909f56bfc062723c751e8b465ee728b)  -> (artifact id: 'cff1c23d957f2893fc8ac2e4ffb9876b') in 0.000884 seconds 
========================================================================
Received Import Request.
  Time since last request: 0.113072 seconds.
  path: Assets/Rhett Cosmo - EverydayStyle/Materials/Eyes
  artifactKey: Guid(b6fb12c36c61c464593ec9e54a534722) Importer(815301076,1909f56bfc062723c751e8b465ee728b)
Start importing Assets/Rhett Cosmo - EverydayStyle/Materials/Eyes using Guid(b6fb12c36c61c464593ec9e54a534722) Importer(815301076,1909f56bfc062723c751e8b465ee728b)  -> (artifact id: 'dbd1180274637df64a93247105e1d8a3') in 0.000884 seconds 
========================================================================
Received Import Request.
  Time since last request: 0.678299 seconds.
  path: Assets/Rhett Cosmo - EverydayStyle/Textures/Eyes
  artifactKey: Guid(cf0d15b2e6054214baa11a04cfd28285) Importer(815301076,1909f56bfc062723c751e8b465ee728b)
Start importing Assets/Rhett Cosmo - EverydayStyle/Textures/Eyes using Guid(cf0d15b2e6054214baa11a04cfd28285) Importer(815301076,1909f56bfc062723c751e8b465ee728b)  -> (artifact id: 'b010286e352a1922c51e677139aeaf33') in 0.000789 seconds 
========================================================================
Received Import Request.
  Time since last request: 0.529714 seconds.
  path: Assets/Rhett Cosmo - EverydayStyle/Materials/Clothes
  artifactKey: Guid(91569a08d19e48e4282f3aea4837820e) Importer(815301076,1909f56bfc062723c751e8b465ee728b)
Start importing Assets/Rhett Cosmo - EverydayStyle/Materials/Clothes using Guid(91569a08d19e48e4282f3aea4837820e) Importer(815301076,1909f56bfc062723c751e8b465ee728b)  -> (artifact id: 'ab8e3adc380e55137bcf441d9b1c5dd1') in 0.000754 seconds 
========================================================================
Received Import Request.
  Time since last request: 0.121171 seconds.
  path: Assets/Rhett Cosmo - EverydayStyle/Textures/Hat
  artifactKey: Guid(e41e8d4ab438b2240ab42c7b2b79c78f) Importer(815301076,1909f56bfc062723c751e8b465ee728b)
Start importing Assets/Rhett Cosmo - EverydayStyle/Textures/Hat using Guid(e41e8d4ab438b2240ab42c7b2b79c78f) Importer(815301076,1909f56bfc062723c751e8b465ee728b)  -> (artifact id: '499eb5cb5ea344e5fb5384c25936be00') in 0.000816 seconds 
